[2017-09-12 00:54:59,475] GM: Loading utils...
[2017-09-12 00:55:01,668] GM: All utils loaded
[2017-09-12 00:55:01,744] GM.check_topics: Started parsing topics
[2017-09-12 00:55:03,685] GM.check_topics: Parsing 'topics.modules.guild_changes' topic...
[2017-09-12 00:55:05,463] GM.check_topics: Parsing 'topics.modules.guild_battles' topic...
[2017-09-12 00:55:07,249] GM.check_topics: Parsing 'topics.modules.make_guild' topic...
[2017-09-12 00:55:09,024] GM.check_topics: Parsing 'topics.modules.make_eweek' topic...
[2017-09-12 00:55:10,898] GM.check_topics: Parsing 'topics.modules.make_achi' topic...
[2017-09-12 00:55:10,899] GM.lib.wiki_pages: Refreshing guilds...
[2017-09-12 00:55:10,902] GM.lib.wiki_pages: Getting guild list...
[2017-09-12 00:55:10,908] GM.lib.guilds: Making attributes of Guild, 'id'=2 (int)
[2017-09-12 00:55:10,909] GM.lib.guilds: Making attributes of Guild, 'id'=4 (int)
[2017-09-12 00:55:10,909] GM.lib.guilds: Making attributes of Guild, 'id'=5 (int)
[2017-09-12 00:55:10,909] GM.lib.guilds: Making attributes of Guild, 'id'=6 (int)
[2017-09-12 00:55:10,909] GM.lib.guilds: Making attributes of Guild, 'id'=1 (int)
[2017-09-12 00:55:10,910] GM.lib.guilds: Making attributes of Guild, 'id'=8 (int)
[2017-09-12 00:55:10,910] GM.lib.guilds: Making attributes of Guild, 'id'=13 (int)
[2017-09-12 00:55:10,910] GM.lib.guilds: Making attributes of Guild, 'id'=14 (int)
[2017-09-12 00:55:10,910] GM.lib.guilds: Making attributes of Guild, 'id'=16 (int)
[2017-09-12 00:55:10,911] GM.lib.guilds: Making attributes of Guild, 'id'=17 (int)
[2017-09-12 00:55:10,911] GM.lib.guilds: Making attributes of Guild, 'id'=18 (int)
[2017-09-12 00:55:10,911] GM.lib.wiki_pages: Making fancy guild list...
[2017-09-12 00:55:10,912] GM.lib.wiki_pages: Saving a wiki_page (47292063)
[2017-09-12 00:55:12,182] GM.lib.wiki_pages: Finished refreshing
